<?xml version="1.0" encoding="UTF-8"?>
<testsuite xmlns:xsi="http://www.w3.org/2001/XMLSchema-instance" xsi:noNamespaceSchemaLocation="https://maven.apache.org/surefire/maven-surefire-plugin/xsd/surefire-test-report-3.0.xsd" version="3.0" name="com.example.transport_marketplace.TransportMarketplaceApplicationTests" time="7.609" tests="1" errors="0" skipped="0" failures="0">
  <properties>
[...]
</properties>
  <testcase name="contextLoads" classname="com.example.transport_marketplace.TransportMarketplaceApplicationTests" time="0.008">
    <system-out><![CDATA[2025-03-15T22:46:59.954+05:00  INFO 22160 --- [           main] t.c.s.AnnotationConfigContextLoaderUtils : Could not detect default configuration classes for test class [com.example.transport_marketplace.TransportMarketplaceApplicationTests]: TransportMarketplaceApplicationTests does not declare any static, non-private, non-final, nested classes annotated with @Configuration.
2025-03-15T22:47:00.037+05:00  INFO 22160 --- [           main] .b.t.c.SpringBootTestContextBootstrapper : Found @SpringBootConfiguration com.example.transport_marketplace.TransportMarketplaceApplication for test class com.example.transport_marketplace.TransportMarketplaceApplicationTests

  .   ____          _            __ _ _
 /\\ / ___'_ __ _ _(_)_ __  __ _ \ \ \ \
( ( )\___ | '_ | '_| | '_ \/ _` | \ \ \ \
 \\/  ___)| |_)| | | | | || (_| |  ) ) ) )
  '  |____| .__|_| |_|_| |_\__, | / / / /
 =========|_|==============|___/=/_/_/_/

 :: Spring Boot ::                (v3.4.1)

2025-03-15T22:47:00.089+05:00  INFO 22160 --- [           main] e.t.TransportMarketplaceApplicationTests : Starting TransportMarketplaceApplicationTests using Java 21.0.6 with PID 22160 (started by vanya in D:\123\backend)
2025-03-15T22:47:00.089+05:00  INFO 22160 --- [           main] e.t.TransportMarketplaceApplicationTests : No active profile set, falling back to 1 default profile: "default"
2025-03-15T22:47:00.705+05:00  INFO 22160 --- [           main] .s.d.r.c.RepositoryConfigurationDelegate : Bootstrapping Spring Data JPA repositories in DEFAULT mode.
2025-03-15T22:47:00.845+05:00  INFO 22160 --- [           main] .s.d.r.c.RepositoryConfigurationDelegate : Finished Spring Data repository scanning in 112 ms. Found 4 JPA repository interfaces.
2025-03-15T22:47:01.796+05:00  INFO 22160 --- [           main] o.s.b.w.embedded.tomcat.TomcatWebServer  : Tomcat initialized with port 0 (http)
2025-03-15T22:47:01.815+05:00  INFO 22160 --- [           main] o.apache.catalina.core.StandardService   : Starting service [Tomcat]
2025-03-15T22:47:01.816+05:00  INFO 22160 --- [           main] o.apache.catalina.core.StandardEngine    : Starting Servlet engine: [Apache Tomcat/10.1.34]
2025-03-15T22:47:01.921+05:00  INFO 22160 --- [           main] o.a.c.c.C.[Tomcat].[localhost].[/]       : Initializing Spring embedded WebApplicationContext
2025-03-15T22:47:01.922+05:00  INFO 22160 --- [           main] w.s.c.ServletWebServerApplicationContext : Root WebApplicationContext: initialization completed in 1828 ms
2025-03-15T22:47:02.183+05:00  INFO 22160 --- [           main] o.hibernate.jpa.internal.util.LogHelper  : HHH000204: Processing PersistenceUnitInfo [name: default]
2025-03-15T22:47:02.275+05:00  INFO 22160 --- [           main] org.hibernate.Version                    : HHH000412: Hibernate ORM core version 6.6.4.Final
2025-03-15T22:47:02.317+05:00  INFO 22160 --- [           main] o.h.c.internal.RegionFactoryInitiator    : HHH000026: Second-level cache disabled
2025-03-15T22:47:02.470+05:00  INFO 22160 --- [           main] o.s.o.j.p.SpringPersistenceUnitInfo      : No LoadTimeWeaver setup: ignoring JPA class transformer
2025-03-15T22:47:02.516+05:00  INFO 22160 --- [           main] com.zaxxer.hikari.HikariDataSource       : HikariPool-1 - Starting...
2025-03-15T22:47:02.671+05:00  INFO 22160 --- [           main] com.zaxxer.hikari.pool.HikariPool        : HikariPool-1 - Added connection conn0: url=jdbc:h2:mem:testdb user=ROOT
2025-03-15T22:47:02.673+05:00  INFO 22160 --- [           main] com.zaxxer.hikari.HikariDataSource       : HikariPool-1 - Start completed.
2025-03-15T22:47:02.696+05:00  WARN 22160 --- [           main] org.hibernate.orm.deprecation            : HHH90000025: H2Dialect does not need to be specified explicitly using 'hibernate.dialect' (remove the property setting and it will be selected by default)
2025-03-15T22:47:02.712+05:00  INFO 22160 --- [           main] org.hibernate.orm.connections.pooling    : HHH10001005: Database info:
	Database JDBC URL [Connecting through datasource 'HikariDataSource (HikariPool-1)']
	Database driver: undefined/unknown
	Database version: 2.3.232
	Autocommit mode: undefined/unknown
	Isolation level: undefined/unknown
	Minimum pool size: undefined/unknown
	Maximum pool size: undefined/unknown
2025-03-15T22:47:03.447+05:00  INFO 22160 --- [           main] o.h.e.t.j.p.i.JtaPlatformInitiator       : HHH000489: No JTA platform available (set 'hibernate.transaction.jta.platform' to enable JTA platform integration)
Hibernate: 
    create table booking (
        id integer generated by default as identity,
        status enum ('BOOKED','CANCELED'),
        route_id integer,
        user_id integer,
        primary key (id)
    )
Hibernate: 
    create table refresh_tokens (
        id integer generated by default as identity,
        expiry_date timestamp(6) with time zone not null,
        token varchar(255) not null,
        user_id integer not null,
        primary key (id)
    )
Hibernate: 
    create table routes (
        id integer generated by default as identity,
        arrival_time varchar(255) not null,
        available_seats integer,
        date varchar(255) not null,
        price float(53) not null,
        route_from varchar(255) not null,
        route_to varchar(255) not null,
        time varchar(255) not null,
        transport varchar(255) not null,
        primary key (id)
    )
Hibernate: 
    create table users (
        id integer generated by default as identity,
        password varchar(255) not null,
        role enum ('ROLE_ADMIN','ROLE_USER') not null,
        username varchar(255) not null,
        primary key (id)
    )
Hibernate: 
    alter table if exists refresh_tokens 
       drop constraint if exists UKghpmfn23vmxfu3spu3lfg4r2d
Hibernate: 
    alter table if exists refresh_tokens 
       add constraint UKghpmfn23vmxfu3spu3lfg4r2d unique (token)
Hibernate: 
    alter table if exists refresh_tokens 
       drop constraint if exists UK7tdcd6ab5wsgoudnvj7xf1b7l
Hibernate: 
    alter table if exists refresh_tokens 
       add constraint UK7tdcd6ab5wsgoudnvj7xf1b7l unique (user_id)
Hibernate: 
    alter table if exists users 
       drop constraint if exists UKr43af9ap4edm43mmtq01oddj6
Hibernate: 
    alter table if exists users 
       add constraint UKr43af9ap4edm43mmtq01oddj6 unique (username)
Hibernate: 
    alter table if exists booking 
       add constraint FK4vlw684d9wlqftn6igyev2dvr 
       foreign key (route_id) 
       references routes
Hibernate: 
    alter table if exists booking 
       add constraint FK7udbel7q86k041591kj6lfmvw 
       foreign key (user_id) 
       references users
Hibernate: 
    alter table if exists refresh_tokens 
       add constraint FK1lih5y2npsf8u5o3vhdb9y0os 
       foreign key (user_id) 
       references users
2025-03-15T22:47:03.525+05:00  INFO 22160 --- [           main] j.LocalContainerEntityManagerFactoryBean : Initialized JPA EntityManagerFactory for persistence unit 'default'
2025-03-15T22:47:03.996+05:00  INFO 22160 --- [           main] o.s.d.j.r.query.QueryEnhancerFactory     : Hibernate is in classpath; If applicable, HQL parser will be used.
2025-03-15T22:47:05.292+05:00  INFO 22160 --- [           main] eAuthenticationProviderManagerConfigurer : Global AuthenticationManager configured with AuthenticationProvider bean with name authenticationProvider
2025-03-15T22:47:05.293+05:00  WARN 22160 --- [           main] r$InitializeUserDetailsManagerConfigurer : Global AuthenticationManager configured with an AuthenticationProvider bean. UserDetailsService beans will not be used by Spring Security for automatically configuring username/password login. Consider removing the AuthenticationProvider bean. Alternatively, consider using the UserDetailsService in a manually instantiated DaoAuthenticationProvider. If the current configuration is intentional, to turn off this warning, increase the logging level of 'org.springframework.security.config.annotation.authentication.configuration.InitializeUserDetailsBeanManagerConfigurer' to ERROR
2025-03-15T22:47:05.493+05:00  WARN 22160 --- [           main] JpaBaseConfiguration$JpaWebConfiguration : spring.jpa.open-in-view is enabled by default. Therefore, database queries may be performed during view rendering. Explicitly configure spring.jpa.open-in-view to disable this warning
2025-03-15T22:47:05.782+05:00  WARN 22160 --- [           main] thorizationManagerRequestMatcherRegistry : One of the patterns in [swagger-ui/**, /swagger-resources/*, /v3/api-docs/**] is missing a leading slash. This is discouraged; please include the leading slash in all your request matcher patterns. In future versions of Spring Security, leaving out the leading slash will result in an exception.
2025-03-15T22:47:05.979+05:00  WARN 22160 --- [           main] ion$DefaultTemplateResolverConfiguration : Cannot find template location: classpath:/templates/ (please add some templates, check your Thymeleaf configuration, or set spring.thymeleaf.check-template-location=false)
2025-03-15T22:47:06.142+05:00  INFO 22160 --- [           main] o.s.b.a.h2.H2ConsoleAutoConfiguration    : H2 console available at '/h2-console'. Database available at 'jdbc:h2:mem:testdb'
2025-03-15T22:47:06.807+05:00  INFO 22160 --- [           main] o.s.b.w.embedded.tomcat.TomcatWebServer  : Tomcat started on port 52935 (http) with context path '/'
2025-03-15T22:47:06.813+05:00  INFO 22160 --- [           main] e.t.TransportMarketplaceApplicationTests : Started TransportMarketplaceApplicationTests in 6.764 seconds (process running for 12.271)
Hibernate: 
    select
        r1_0.id 
    from
        routes r1_0 
    where
        r1_0.route_from=? 
        and r1_0.route_to=? 
        and r1_0.date=? 
    fetch
        first ? rows only
Hibernate: 
    insert 
    into
        routes
        (arrival_time, available_seats, date, price, route_from, route_to, time, transport, id) 
    values
        (?, ?, ?, ?, ?, ?, ?, ?, default)
Hibernate: 
    select
        r1_0.id 
    from
        routes r1_0 
    where
        r1_0.route_from=? 
        and r1_0.route_to=? 
        and r1_0.date=? 
    fetch
        first ? rows only
Hibernate: 
    insert 
    into
        routes
        (arrival_time, available_seats, date, price, route_from, route_to, time, transport, id) 
    values
        (?, ?, ?, ?, ?, ?, ?, ?, default)
Hibernate: 
    select
        r1_0.id 
    from
        routes r1_0 
    where
        r1_0.route_from=? 
        and r1_0.route_to=? 
        and r1_0.date=? 
    fetch
        first ? rows only
Hibernate: 
    insert 
    into
        routes
        (arrival_time, available_seats, date, price, route_from, route_to, time, transport, id) 
    values
        (?, ?, ?, ?, ?, ?, ?, ?, default)
Hibernate: 
    select
        u1_0.id,
        u1_0.password,
        u1_0.role,
        u1_0.username 
    from
        users u1_0 
    where
        u1_0.username=?
Hibernate: 
    select
        u1_0.id,
        u1_0.password,
        u1_0.role,
        u1_0.username 
    from
        users u1_0 
    where
        u1_0.username=?
Hibernate: 
    select
        u1_0.id,
        u1_0.password,
        u1_0.role,
        u1_0.username 
    from
        users u1_0 
    where
        u1_0.username=?
Hibernate: 
    select
        u1_0.id 
    from
        users u1_0 
    where
        u1_0.username=? 
    fetch
        first ? rows only
Hibernate: 
    insert 
    into
        users
        (password, role, username, id) 
    values
        (?, ?, ?, default)
Hibernate: 
    select
        u1_0.id 
    from
        users u1_0 
    where
        u1_0.username=? 
    fetch
        first ? rows only
Hibernate: 
    insert 
    into
        users
        (password, role, username, id) 
    values
        (?, ?, ?, default)
Hibernate: 
    select
        u1_0.id 
    from
        users u1_0 
    where
        u1_0.username=? 
    fetch
        first ? rows only
Hibernate: 
    insert 
    into
        users
        (password, role, username, id) 
    values
        (?, ?, ?, default)
Hibernate: 
    select
        u1_0.id 
    from
        users u1_0 
    where
        u1_0.username=? 
    fetch
        first ? rows only
Hibernate: 
    insert 
    into
        users
        (password, role, username, id) 
    values
        (?, ?, ?, default)
Hibernate: 
    select
        u1_0.id 
    from
        users u1_0 
    where
        u1_0.username=? 
    fetch
        first ? rows only
Hibernate: 
    insert 
    into
        users
        (password, role, username, id) 
    values
        (?, ?, ?, default)
Hibernate: 
    select
        u1_0.id 
    from
        users u1_0 
    where
        u1_0.username=? 
    fetch
        first ? rows only
Hibernate: 
    insert 
    into
        users
        (password, role, username, id) 
    values
        (?, ?, ?, default)
Hibernate: 
    select
        u1_0.id 
    from
        users u1_0 
    where
        u1_0.username=? 
    fetch
        first ? rows only
Hibernate: 
    insert 
    into
        users
        (password, role, username, id) 
    values
        (?, ?, ?, default)
Hibernate: 
    select
        u1_0.id 
    from
        users u1_0 
    where
        u1_0.username=? 
    fetch
        first ? rows only
Hibernate: 
    insert 
    into
        users
        (password, role, username, id) 
    values
        (?, ?, ?, default)
Hibernate: 
    select
        u1_0.id 
    from
        users u1_0 
    where
        u1_0.username=? 
    fetch
        first ? rows only
Hibernate: 
    insert 
    into
        users
        (password, role, username, id) 
    values
        (?, ?, ?, default)
]]></system-out>
    <system-err><![CDATA[Error creating booking: User demo_admin not found
Error creating booking: User manager not found
Error creating booking: User test_user not found
]]></system-err>
  </testcase>
</testsuite>